GROUP,PACKAGE,CLASS,INSTRUCTION_MISSED,INSTRUCTION_COVERED,BRANCH_MISSED,BRANCH_COVERED,LINE_MISSED,LINE_COVERED,COMPLEXITY_MISSED,COMPLEXITY_COVERED,METHOD_MISSED,METHOD_COVERED
Ambry,com.napier.Ambry,Main,37,0,2,0,12,0,3,0,2,0
Ambry,com.napier.Ambry,CountryReports,187,0,6,0,56,0,14,0,11,0
Ambry,com.napier.Ambry,Database,67,0,4,0,27,0,6,0,4,0
Ambry,com.napier.Ambry,Country,0,108,0,0,0,46,0,31,0,31
Ambry,com.napier.Ambry,City,52,38,2,0,15,16,2,11,1,11
Ambry,com.napier.Ambry,CountryLanguage,31,0,0,0,13,0,9,0,9,0
Ambry,com.napier.Ambry,CountryLanguageReports,3,0,0,0,1,0,1,0,1,0
Ambry,com.napier.Ambry,CityReports,155,0,2,0,48,0,19,0,18,0
