<?xml version="1.0" encoding="UTF-8"?>
<testsuite xmlns:xsi="http://www.w3.org/2001/XMLSchema-instance" xsi:schemaLocation="https://maven.apache.org/surefire/maven-surefire-plugin/xsd/surefire-test-report.xsd" name="com.napier.Ambry.AmbryTest" time="0.006" tests="2" errors="0" skipped="0" failures="0">
  <properties>
[...]
</properties>
  <testcase name="getCountryTest" classname="com.napier.Ambry.AmbryTest" time="0.005"/>
  <testcase name="getCityTest" classname="com.napier.Ambry.AmbryTest" time="0"/>
</testsuite>