<?xml version="1.0" encoding="UTF-8"?>
<testsuite xmlns:xsi="http://www.w3.org/2001/XMLSchema-instance" xsi:schemaLocation="https://maven.apache.org/surefire/maven-surefire-plugin/xsd/surefire-test-report.xsd" name="com.napier.Ambry.AmbryIntegrationTest" time="31.021" tests="33" errors="0" skipped="0" failures="0">
  <properties>
[...]
</properties>
  <testcase name="testTopCitiesContinent" classname="com.napier.Ambry.AmbryIntegrationTest" time="0.149"/>
  <testcase name="testPopulationLivingInCitiesRegion" classname="com.napier.Ambry.AmbryIntegrationTest" time="0.006"/>
  <testcase name="testCountryStandard" classname="com.napier.Ambry.AmbryIntegrationTest" time="0.02"/>
  <testcase name="testGetAllCountryPerRegion" classname="com.napier.Ambry.AmbryIntegrationTest" time="0.005"/>
  <testcase name="testTopCitiesDistrict" classname="com.napier.Ambry.AmbryIntegrationTest" time="0.004"/>
  <testcase name="testRegionCities" classname="com.napier.Ambry.AmbryIntegrationTest" time="0.015"/>
  <testcase name="testTopCitiesCountry" classname="com.napier.Ambry.AmbryIntegrationTest" time="0.006"/>
  <testcase name="testTopNContinent" classname="com.napier.Ambry.AmbryIntegrationTest" time="0.004"/>
  <testcase name="testPopulationNotLivingInCitiesCountry" classname="com.napier.Ambry.AmbryIntegrationTest" time="0.01"/>
  <testcase name="testPopulationNotLivingInCitiesRegion" classname="com.napier.Ambry.AmbryIntegrationTest" time="0.007"/>
  <testcase name="testTopCitiesRegion" classname="com.napier.Ambry.AmbryIntegrationTest" time="0.006"/>
  <testcase name="testDistrictCities" classname="com.napier.Ambry.AmbryIntegrationTest" time="0.005"/>
  <testcase name="testWorldCapitals" classname="com.napier.Ambry.AmbryIntegrationTest" time="0.018"/>
  <testcase name="testCountryCities" classname="com.napier.Ambry.AmbryIntegrationTest" time="0.01"/>
  <testcase name="testTopNRegion" classname="com.napier.Ambry.AmbryIntegrationTest" time="0.004"/>
  <testcase name="testWorldCities" classname="com.napier.Ambry.AmbryIntegrationTest" time="0.019"/>
  <testcase name="testPopulationNotLivingInCitiesContinent" classname="com.napier.Ambry.AmbryIntegrationTest" time="0.007"/>
  <testcase name="testPopulationInCountry" classname="com.napier.Ambry.AmbryIntegrationTest" time="0.016"/>
  <testcase name="testCapitalContinent" classname="com.napier.Ambry.AmbryIntegrationTest" time="0.009"/>
  <testcase name="testTopNWorld" classname="com.napier.Ambry.AmbryIntegrationTest" time="0.003"/>
  <testcase name="testPopulationInRegion" classname="com.napier.Ambry.AmbryIntegrationTest" time="0.012"/>
  <testcase name="testPopulationLivingInCitiesContinent" classname="com.napier.Ambry.AmbryIntegrationTest" time="0.004"/>
  <testcase name="testPopulationInContinent" classname="com.napier.Ambry.AmbryIntegrationTest" time="0.011"/>
  <testcase name="testCapitalWorld" classname="com.napier.Ambry.AmbryIntegrationTest" time="0.009"/>
  <testcase name="testRegionCapitals" classname="com.napier.Ambry.AmbryIntegrationTest" time="0.005"/>
  <testcase name="testContinentCities" classname="com.napier.Ambry.AmbryIntegrationTest" time="0.013"/>
  <testcase name="testPopulationLivingInCitiesCountry" classname="com.napier.Ambry.AmbryIntegrationTest" time="0.006"/>
  <testcase name="testGetAllCountryLargeToSmall" classname="com.napier.Ambry.AmbryIntegrationTest" time="0.005"/>
  <testcase name="testCapitalRegion" classname="com.napier.Ambry.AmbryIntegrationTest" time="0.008"/>
  <testcase name="testCityStandard" classname="com.napier.Ambry.AmbryIntegrationTest" time="0.003"/>
  <testcase name="testGetAllCountryPerContinent" classname="com.napier.Ambry.AmbryIntegrationTest" time="0.004"/>
  <testcase name="testTopCitiesWorld" classname="com.napier.Ambry.AmbryIntegrationTest" time="0.004"/>
  <testcase name="testContinentCapitals" classname="com.napier.Ambry.AmbryIntegrationTest" time="0.004"/>
</testsuite>