<?xml version="1.0" encoding="UTF-8"?>
<testsuite xmlns:xsi="http://www.w3.org/2001/XMLSchema-instance" xsi:schemaLocation="https://maven.apache.org/surefire/maven-surefire-plugin/xsd/surefire-test-report.xsd" name="com.napier.Ambry.AmbryIntegrationTest" time="31.91" tests="13" errors="7" skipped="0" failures="3">
  <properties>
[...]
</properties>
  <testcase name="testCountryStandard" classname="com.napier.Ambry.AmbryIntegrationTest" time="0.307">
    <error message="Index 0 out of bounds for length 0" type="java.lang.IndexOutOfBoundsException">java.lang.IndexOutOfBoundsException: Index 0 out of bounds for length 0
	at com.napier.Ambry.AmbryIntegrationTest.testCountryStandard(AmbryIntegrationTest.java:26)
</error>
    <system-out><![CDATA[Connecting to database...
Successfully connected
]]></system-out>
  </testcase>
  <testcase name="testGetAllCountryPerRegion" classname="com.napier.Ambry.AmbryIntegrationTest" time="0.005">
    <error message="Index 0 out of bounds for length 0" type="java.lang.IndexOutOfBoundsException">java.lang.IndexOutOfBoundsException: Index 0 out of bounds for length 0
	at com.napier.Ambry.AmbryIntegrationTest.testGetAllCountryPerRegion(AmbryIntegrationTest.java:60)
</error>
  </testcase>
  <testcase name="testRegionCities" classname="com.napier.Ambry.AmbryIntegrationTest" time="0.015">
    <error message="Index 0 out of bounds for length 0" type="java.lang.IndexOutOfBoundsException">java.lang.IndexOutOfBoundsException: Index 0 out of bounds for length 0
	at com.napier.Ambry.AmbryIntegrationTest.testRegionCities(AmbryIntegrationTest.java:99)
</error>
  </testcase>
  <testcase name="testTopNContinent" classname="com.napier.Ambry.AmbryIntegrationTest" time="0.031">
    <failure message="expected: &lt;10&gt; but was: &lt;0&gt;" type="org.opentest4j.AssertionFailedError"><![CDATA[org.opentest4j.AssertionFailedError: expected: <10> but was: <0>
	at com.napier.Ambry.AmbryIntegrationTest.testTopNContinent(AmbryIntegrationTest.java:76)
]]></failure>
  </testcase>
  <testcase name="testDistrictCities" classname="com.napier.Ambry.AmbryIntegrationTest" time="0.016"/>
  <testcase name="testCountryCities" classname="com.napier.Ambry.AmbryIntegrationTest" time="0.01">
    <error message="Index 0 out of bounds for length 0" type="java.lang.IndexOutOfBoundsException">java.lang.IndexOutOfBoundsException: Index 0 out of bounds for length 0
	at com.napier.Ambry.AmbryIntegrationTest.testCountryCities(AmbryIntegrationTest.java:105)
</error>
  </testcase>
  <testcase name="testTopNRegion" classname="com.napier.Ambry.AmbryIntegrationTest" time="0.011">
    <failure message="expected: &lt;3&gt; but was: &lt;0&gt;" type="org.opentest4j.AssertionFailedError"><![CDATA[org.opentest4j.AssertionFailedError: expected: <3> but was: <0>
	at com.napier.Ambry.AmbryIntegrationTest.testTopNRegion(AmbryIntegrationTest.java:85)
]]></failure>
  </testcase>
  <testcase name="testWorldCities" classname="com.napier.Ambry.AmbryIntegrationTest" time="0.195"/>
  <testcase name="testTopNWorld" classname="com.napier.Ambry.AmbryIntegrationTest" time="0.016">
    <failure message="expected: &lt;10&gt; but was: &lt;0&gt;" type="org.opentest4j.AssertionFailedError"><![CDATA[org.opentest4j.AssertionFailedError: expected: <10> but was: <0>
	at com.napier.Ambry.AmbryIntegrationTest.testTopNWorld(AmbryIntegrationTest.java:67)
]]></failure>
  </testcase>
  <testcase name="testContinentCities" classname="com.napier.Ambry.AmbryIntegrationTest" time="0.007">
    <error message="Index 0 out of bounds for length 0" type="java.lang.IndexOutOfBoundsException">java.lang.IndexOutOfBoundsException: Index 0 out of bounds for length 0
	at com.napier.Ambry.AmbryIntegrationTest.testContinentCities(AmbryIntegrationTest.java:116)
</error>
  </testcase>
  <testcase name="testGetAllCountryLargeToSmall" classname="com.napier.Ambry.AmbryIntegrationTest" time="0.007">
    <error message="Index 0 out of bounds for length 0" type="java.lang.IndexOutOfBoundsException">java.lang.IndexOutOfBoundsException: Index 0 out of bounds for length 0
	at com.napier.Ambry.AmbryIntegrationTest.testGetAllCountryLargeToSmall(AmbryIntegrationTest.java:48)
</error>
  </testcase>
  <testcase name="testCityStandard" classname="com.napier.Ambry.AmbryIntegrationTest" time="0.006"/>
  <testcase name="testGetAllCountryPerContinent" classname="com.napier.Ambry.AmbryIntegrationTest" time="0.007">
    <error message="Index 0 out of bounds for length 0" type="java.lang.IndexOutOfBoundsException">java.lang.IndexOutOfBoundsException: Index 0 out of bounds for length 0
	at com.napier.Ambry.AmbryIntegrationTest.testGetAllCountryPerContinent(AmbryIntegrationTest.java:54)
</error>
  </testcase>
</testsuite>