<?xml version="1.0" encoding="UTF-8"?>
<testsuite xmlns:xsi="http://www.w3.org/2001/XMLSchema-instance" xsi:schemaLocation="https://maven.apache.org/surefire/maven-surefire-plugin/xsd/surefire-test-report.xsd" name="com.napier.Ambry.AmbryIntegrationTest" time="31.91" tests="13" errors="7" skipped="0" failures="3">
  <properties>
    <property name="idea.version" value="2023.3.2"/>
    <property name="java.runtime.name" value="OpenJDK Runtime Environment"/>
    <property name="java.vm.version" value="17.0.10+7"/>
    <property name="sun.boot.library.path" value="C:\Users\alcor\.jdks\temurin-17.0.10\bin"/>
    <property name="maven.multiModuleProjectDirectory" value="C:\Code Repository\Software Engineering Methods\Coursework\Ambry"/>
    <property name="java.vm.vendor" value="Eclipse Adoptium"/>
    <property name="java.vendor.url" value="https://adoptium.net/"/>
    <property name="guice.disable.misplaced.annotation.check" value="true"/>
    <property name="path.separator" value=";"/>
    <property name="java.vm.name" value="OpenJDK 64-Bit Server VM"/>
    <property name="sun.os.patch.level" value=""/>
    <property name="user.script" value=""/>
    <property name="user.country" value="GB"/>
    <property name="sun.java.launcher" value="SUN_STANDARD"/>
    <property name="java.vm.specification.name" value="Java Virtual Machine Specification"/>
    <property name="user.dir" value="C:\Code Repository\Software Engineering Methods\Coursework\Ambry"/>
    <property name="java.vm.compressedOopsMode" value="Zero based"/>
    <property name="java.runtime.version" value="17.0.10+7"/>
    <property name="os.arch" value="amd64"/>
    <property name="java.io.tmpdir" value="C:\Users\alcor\AppData\Local\Temp\"/>
    <property name="line.separator" value="&#10;"/>
    <property name="java.vm.specification.vendor" value="Oracle Corporation"/>
    <property name="user.variant" value=""/>
    <property name="os.name" value="Windows 11"/>
    <property name="maven.ext.class.path" value="C:\Program Files\JetBrains\IntelliJ IDEA 2023.3.2\plugins\maven\lib\maven-event-listener.jar"/>
    <property name="classworlds.conf" value="C:\Program Files\JetBrains\IntelliJ IDEA 2023.3.2\plugins\maven\lib\maven3\bin\m2.conf"/>
    <property name="sun.jnu.encoding" value="Cp1252"/>
    <property name="java.library.path" value="C:\Users\alcor\.jdks\temurin-17.0.10\bin;C:\Windows\Sun\Java\bin;C:\Windows\system32;C:\Windows;C:\Windows\system32;C:\Windows;C:\Windows\System32\Wbem;C:\Windows\System32\WindowsPowerShell\v1.0\;C:\Windows\System32\OpenSSH\;C:\Program Files\dotnet\;C:\Program Files\Microsoft SQL Server\150\Tools\Binn\;C:\Program Files\Microsoft SQL Server\Client SDK\ODBC\170\Tools\Binn\;C:\Program Files\Git\cmd;C:\Program Files\Docker\Docker\resources\bin;C:\Program Files (x86)\Windows Kits\10\Windows Performance Toolkit\;C:\Users\alcor\AppData\Local\Microsoft\WindowsApps;C:\Users\alcor\.dotnet\tools;."/>
    <property name="jansi.passthrough" value="true"/>
    <property name="maven.conf" value="C:\Program Files\JetBrains\IntelliJ IDEA 2023.3.2\plugins\maven\lib\maven3/conf"/>
    <property name="jdk.debug" value="release"/>
    <property name="java.class.version" value="61.0"/>
    <property name="java.specification.name" value="Java Platform API Specification"/>
    <property name="sun.management.compiler" value="HotSpot 64-Bit Tiered Compilers"/>
    <property name="os.version" value="10.0"/>
    <property name="user.home" value="C:\Users\alcor"/>
    <property name="user.timezone" value="Europe/London"/>
    <property name="file.encoding" value="UTF-8"/>
    <property name="java.specification.version" value="17"/>
    <property name="user.name" value="alcor"/>
    <property name="java.class.path" value="C:\Program Files\JetBrains\IntelliJ IDEA 2023.3.2\plugins\maven\lib\maven3\boot\plexus-classworlds-2.7.0.jar;C:\Program Files\JetBrains\IntelliJ IDEA 2023.3.2\plugins\maven\lib\maven3\boot\plexus-classworlds.license"/>
    <property name="java.vm.specification.version" value="17"/>
    <property name="sun.arch.data.model" value="64"/>
    <property name="sun.java.command" value="org.codehaus.classworlds.Launcher -Didea.version=2023.3.2 package"/>
    <property name="java.home" value="C:\Users\alcor\.jdks\temurin-17.0.10"/>
    <property name="user.language" value="en"/>
    <property name="java.specification.vendor" value="Oracle Corporation"/>
    <property name="java.vm.info" value="mixed mode, sharing"/>
    <property name="java.version" value="17.0.10"/>
    <property name="native.encoding" value="Cp1252"/>
    <property name="java.vendor" value="Eclipse Adoptium"/>
    <property name="maven.home" value="C:\Program Files\JetBrains\IntelliJ IDEA 2023.3.2\plugins\maven\lib\maven3"/>
    <property name="file.separator" value="\"/>
    <property name="java.version.date" value="2024-01-16"/>
    <property name="java.vendor.url.bug" value="https://github.com/adoptium/adoptium-support/issues"/>
    <property name="sun.io.unicode.encoding" value="UnicodeLittle"/>
    <property name="sun.cpu.endian" value="little"/>
    <property name="java.vendor.version" value="Temurin-17.0.10+7"/>
    <property name="sun.cpu.isalist" value="amd64"/>
  </properties>
  <testcase name="testCountryStandard" classname="com.napier.Ambry.AmbryIntegrationTest" time="0.307">
    <error message="Index 0 out of bounds for length 0" type="java.lang.IndexOutOfBoundsException">java.lang.IndexOutOfBoundsException: Index 0 out of bounds for length 0
	at com.napier.Ambry.AmbryIntegrationTest.testCountryStandard(AmbryIntegrationTest.java:26)
</error>
    <system-out><![CDATA[Connecting to database...
Successfully connected
]]></system-out>
  </testcase>
  <testcase name="testGetAllCountryPerRegion" classname="com.napier.Ambry.AmbryIntegrationTest" time="0.005">
    <error message="Index 0 out of bounds for length 0" type="java.lang.IndexOutOfBoundsException">java.lang.IndexOutOfBoundsException: Index 0 out of bounds for length 0
	at com.napier.Ambry.AmbryIntegrationTest.testGetAllCountryPerRegion(AmbryIntegrationTest.java:60)
</error>
  </testcase>
  <testcase name="testRegionCities" classname="com.napier.Ambry.AmbryIntegrationTest" time="0.015">
    <error message="Index 0 out of bounds for length 0" type="java.lang.IndexOutOfBoundsException">java.lang.IndexOutOfBoundsException: Index 0 out of bounds for length 0
	at com.napier.Ambry.AmbryIntegrationTest.testRegionCities(AmbryIntegrationTest.java:99)
</error>
  </testcase>
  <testcase name="testTopNContinent" classname="com.napier.Ambry.AmbryIntegrationTest" time="0.031">
    <failure message="expected: &lt;10&gt; but was: &lt;0&gt;" type="org.opentest4j.AssertionFailedError"><![CDATA[org.opentest4j.AssertionFailedError: expected: <10> but was: <0>
	at com.napier.Ambry.AmbryIntegrationTest.testTopNContinent(AmbryIntegrationTest.java:76)
]]></failure>
  </testcase>
  <testcase name="testDistrictCities" classname="com.napier.Ambry.AmbryIntegrationTest" time="0.016"/>
  <testcase name="testCountryCities" classname="com.napier.Ambry.AmbryIntegrationTest" time="0.01">
    <error message="Index 0 out of bounds for length 0" type="java.lang.IndexOutOfBoundsException">java.lang.IndexOutOfBoundsException: Index 0 out of bounds for length 0
	at com.napier.Ambry.AmbryIntegrationTest.testCountryCities(AmbryIntegrationTest.java:105)
</error>
  </testcase>
  <testcase name="testTopNRegion" classname="com.napier.Ambry.AmbryIntegrationTest" time="0.011">
    <failure message="expected: &lt;3&gt; but was: &lt;0&gt;" type="org.opentest4j.AssertionFailedError"><![CDATA[org.opentest4j.AssertionFailedError: expected: <3> but was: <0>
	at com.napier.Ambry.AmbryIntegrationTest.testTopNRegion(AmbryIntegrationTest.java:85)
]]></failure>
  </testcase>
  <testcase name="testWorldCities" classname="com.napier.Ambry.AmbryIntegrationTest" time="0.195"/>
  <testcase name="testTopNWorld" classname="com.napier.Ambry.AmbryIntegrationTest" time="0.016">
    <failure message="expected: &lt;10&gt; but was: &lt;0&gt;" type="org.opentest4j.AssertionFailedError"><![CDATA[org.opentest4j.AssertionFailedError: expected: <10> but was: <0>
	at com.napier.Ambry.AmbryIntegrationTest.testTopNWorld(AmbryIntegrationTest.java:67)
]]></failure>
  </testcase>
  <testcase name="testContinentCities" classname="com.napier.Ambry.AmbryIntegrationTest" time="0.007">
    <error message="Index 0 out of bounds for length 0" type="java.lang.IndexOutOfBoundsException">java.lang.IndexOutOfBoundsException: Index 0 out of bounds for length 0
	at com.napier.Ambry.AmbryIntegrationTest.testContinentCities(AmbryIntegrationTest.java:116)
</error>
  </testcase>
  <testcase name="testGetAllCountryLargeToSmall" classname="com.napier.Ambry.AmbryIntegrationTest" time="0.007">
    <error message="Index 0 out of bounds for length 0" type="java.lang.IndexOutOfBoundsException">java.lang.IndexOutOfBoundsException: Index 0 out of bounds for length 0
	at com.napier.Ambry.AmbryIntegrationTest.testGetAllCountryLargeToSmall(AmbryIntegrationTest.java:48)
</error>
  </testcase>
  <testcase name="testCityStandard" classname="com.napier.Ambry.AmbryIntegrationTest" time="0.006"/>
  <testcase name="testGetAllCountryPerContinent" classname="com.napier.Ambry.AmbryIntegrationTest" time="0.007">
    <error message="Index 0 out of bounds for length 0" type="java.lang.IndexOutOfBoundsException">java.lang.IndexOutOfBoundsException: Index 0 out of bounds for length 0
	at com.napier.Ambry.AmbryIntegrationTest.testGetAllCountryPerContinent(AmbryIntegrationTest.java:54)
</error>
  </testcase>
</testsuite>